<?xml version="1.0" encoding="UTF-8"?>
<testsuite name="GlobalTests" tests="1" skipped="0" failures="0" errors="0" timestamp="2023-04-04T20:59:12" hostname="DESKTOP-H8TDG7S" time="1.082">
  <properties/>
  <testcase name="outputSmallRandom()" classname="GlobalTests" time="1.082"/>
  <system-out><![CDATA[]]></system-out>
  <system-err><![CDATA[]]></system-err>
</testsuite>
